#
# There is insufficient memory for the Java Runtime Environment to continue.
# Native memory allocation (malloc) failed to allocate 341632 bytes for Chunk::new
# Possible reasons:
#   The system is out of physical RAM or swap space
#   The process is running with CompressedOops enabled, and the Java Heap may be blocking the growth of the native heap
# Possible solutions:
#   Reduce memory load on the system
#   Increase physical memory or swap space
#   Check if swap backing store is full
#   Decrease Java heap size (-Xmx/-Xms)
#   Decrease number of Java threads
#   Decrease Java thread stack sizes (-Xss)
#   Set larger code cache with -XX:ReservedCodeCacheSize=
#   JVM is running with Unscaled Compressed Oops mode in which the Java heap is
#     placed in the first 4GB address space. The Java Heap base address is the
#     maximum limit for the native heap growth. Please use -XX:HeapBaseMinAddress
#     to set the Java Heap base and to place the Java Heap above 4GB virtual address.
# This output file may be truncated or incomplete.
#
#  Out of Memory Error (arena.cpp:189), pid=21440, tid=10660
#
# JRE version: OpenJDK Runtime Environment (17.0.7) (build 17.0.7+0-b2043.56-10550314)
# Java VM: OpenJDK 64-Bit Server VM (17.0.7+0-b2043.56-10550314, mixed mode, tiered, compressed oops, compressed class ptrs, g1 gc, windows-amd64)
# No core dump will be written. Minidumps are not enabled by default on client versions of Windows
#

---------------  S U M M A R Y ------------

Command Line: --add-opens=java.base/java.util=ALL-UNNAMED --add-opens=java.base/java.lang=ALL-UNNAMED --add-opens=java.base/java.lang.invoke=ALL-UNNAMED --add-opens=java.prefs/java.util.prefs=ALL-UNNAMED --add-opens=java.base/java.nio.charset=ALL-UNNAMED --add-opens=java.base/java.net=ALL-UNNAMED --add-opens=java.base/java.util.concurrent.atomic=ALL-UNNAMED -Xmx2048m -Dfile.encoding=UTF-8 -Duser.country=BR -Duser.language=pt -Duser.variant -javaagent:C:\Users\joaoc\.gradle\wrapper\dists\gradle-8.2-bin\bbg7u40eoinfdyxsxr3z4i7ta\gradle-8.2\lib\agents\gradle-instrumentation-agent-8.2.jar org.gradle.launcher.daemon.bootstrap.GradleDaemon 8.2

Host: Intel(R) Core(TM) i5-1035G1 CPU @ 1.00GHz, 8 cores, 7G,  Windows 11 , 64 bit Build 22621 (10.0.22621.3527)
Time: Fri May 31 01:15:05 2024 Hora oficial do Brasil elapsed time: 77.426685 seconds (0d 0h 1m 17s)

---------------  T H R E A D  ---------------

Current thread (0x00000201c22d2c50):  JavaThread "C2 CompilerThread0" daemon [_thread_in_native, id=10660, stack(0x0000005d17e00000,0x0000005d17f00000)]


Current CompileTask:
C2:  77461 5116   !   4       java.util.concurrent.ConcurrentHashMap::putVal (432 bytes)

Stack: [0x0000005d17e00000,0x0000005d17f00000]
Native frames: (J=compiled Java code, j=interpreted, Vv=VM code, C=native code)
V  [jvm.dll+0x683bfa]
V  [jvm.dll+0x8430a4]
V  [jvm.dll+0x8449be]
V  [jvm.dll+0x845023]
V  [jvm.dll+0x24ad2f]
V  [jvm.dll+0xac25c]
V  [jvm.dll+0xac82c]
V  [jvm.dll+0x36a187]
V  [jvm.dll+0x334821]
V  [jvm.dll+0x333cca]
V  [jvm.dll+0x21d251]
V  [jvm.dll+0x21c671]
V  [jvm.dll+0x1a605d]
V  [jvm.dll+0x22c148]
V  [jvm.dll+0x22a209]
V  [jvm.dll+0x7f858c]
V  [jvm.dll+0x7f2aea]
V  [jvm.dll+0x682a35]
C  [ucrtbase.dll+0x29333]
C  [KERNEL32.DLL+0x1257d]
C  [ntdll.dll+0x5aa48]


---------------  P R O C E S S  ---------------

Threads class SMR info:
_java_thread_list=0x00000201c8913e10, length=41, elements={
0x00000201a82bf4e0, 0x00000201c22a8030, 0x00000201c22a89f0, 0x00000201c228eb20,
0x00000201c228f4e0, 0x00000201c228ffa0, 0x00000201c2292870, 0x00000201c22d2c50,
0x00000201c22d7b70, 0x00000201c22d8470, 0x00000201c20d5890, 0x00000201c2502020,
0x00000201c94e1420, 0x00000201c7fcaf60, 0x00000201c7ebcf70, 0x00000201c27a3020,
0x00000201c24841f0, 0x00000201c2310370, 0x00000201c2355840, 0x00000201c7bd1dd0,
0x00000201c7bd2c40, 0x00000201c7bd2770, 0x00000201c7bd1430, 0x00000201c7bd1900,
0x00000201c2c340d0, 0x00000201c2c30240, 0x00000201c2c31f20, 0x00000201c2c31580,
0x00000201c2c36c20, 0x00000201c2c30710, 0x00000201c2c323f0, 0x00000201c2c30be0,
0x00000201c2c310b0, 0x00000201c2c328c0, 0x00000201c2c33c00, 0x00000201c2c32d90,
0x00000201c2c33260, 0x00000201c2c33730, 0x00000201c2c2f3d0, 0x00000201c2c345a0,
0x00000201c2c36280
}

Java Threads: ( => current thread )
  0x00000201a82bf4e0 JavaThread "main" [_thread_blocked, id=1864, stack(0x0000005d17100000,0x0000005d17200000)]
  0x00000201c22a8030 JavaThread "Reference Handler" daemon [_thread_blocked, id=6040, stack(0x0000005d17800000,0x0000005d17900000)]
  0x00000201c22a89f0 JavaThread "Finalizer" daemon [_thread_blocked, id=21916, stack(0x0000005d17900000,0x0000005d17a00000)]
  0x00000201c228eb20 JavaThread "Signal Dispatcher" daemon [_thread_blocked, id=12524, stack(0x0000005d17a00000,0x0000005d17b00000)]
  0x00000201c228f4e0 JavaThread "Attach Listener" daemon [_thread_blocked, id=22388, stack(0x0000005d17b00000,0x0000005d17c00000)]
  0x00000201c228ffa0 JavaThread "Service Thread" daemon [_thread_blocked, id=11476, stack(0x0000005d17c00000,0x0000005d17d00000)]
  0x00000201c2292870 JavaThread "Monitor Deflation Thread" daemon [_thread_blocked, id=15072, stack(0x0000005d17d00000,0x0000005d17e00000)]
=>0x00000201c22d2c50 JavaThread "C2 CompilerThread0" daemon [_thread_in_native, id=10660, stack(0x0000005d17e00000,0x0000005d17f00000)]
  0x00000201c22d7b70 JavaThread "C1 CompilerThread0" daemon [_thread_blocked, id=19288, stack(0x0000005d17f00000,0x0000005d18000000)]
  0x00000201c22d8470 JavaThread "Sweeper thread" daemon [_thread_blocked, id=15688, stack(0x0000005d18000000,0x0000005d18100000)]
  0x00000201c20d5890 JavaThread "Common-Cleaner" daemon [_thread_blocked, id=16948, stack(0x0000005d18100000,0x0000005d18200000)]
  0x00000201c2502020 JavaThread "Notification Thread" daemon [_thread_blocked, id=18156, stack(0x0000005d18200000,0x0000005d18300000)]
  0x00000201c94e1420 JavaThread "Daemon health stats" [_thread_blocked, id=9312, stack(0x0000005d18700000,0x0000005d18800000)]
  0x00000201c7fcaf60 JavaThread "Incoming local TCP Connector on port 54254" [_thread_in_native, id=7184, stack(0x0000005d18900000,0x0000005d18a00000)]
  0x00000201c7ebcf70 JavaThread "Daemon periodic checks" [_thread_blocked, id=21040, stack(0x0000005d18a00000,0x0000005d18b00000)]
  0x00000201c27a3020 JavaThread "Daemon" [_thread_blocked, id=5364, stack(0x0000005d18b00000,0x0000005d18c00000)]
  0x00000201c24841f0 JavaThread "Handler for socket connection from /127.0.0.1:54254 to /127.0.0.1:54255" [_thread_in_native, id=9752, stack(0x0000005d18c00000,0x0000005d18d00000)]
  0x00000201c2310370 JavaThread "Cancel handler" [_thread_blocked, id=10328, stack(0x0000005d18d00000,0x0000005d18e00000)]
  0x00000201c2355840 JavaThread "Daemon worker" [_thread_in_vm, id=11972, stack(0x0000005d18e00000,0x0000005d18f00000)]
  0x00000201c7bd1dd0 JavaThread "Asynchronous log dispatcher for DefaultDaemonConnection: socket connection from /127.0.0.1:54254 to /127.0.0.1:54255" [_thread_blocked, id=13852, stack(0x0000005d18f00000,0x0000005d19000000)]
  0x00000201c7bd2c40 JavaThread "Daemon client event forwarder" [_thread_blocked, id=4524, stack(0x0000005d19100000,0x0000005d19200000)]
  0x00000201c7bd2770 JavaThread "Cache worker for journal cache (C:\Users\joaoc\.gradle\caches\journal-1)" [_thread_blocked, id=2812, stack(0x0000005d19600000,0x0000005d19700000)]
  0x00000201c7bd1430 JavaThread "File lock request listener" [_thread_in_native, id=10136, stack(0x0000005d19700000,0x0000005d19800000)]
  0x00000201c7bd1900 JavaThread "Cache worker for file hash cache (C:\Users\joaoc\.gradle\caches\8.2\fileHashes)" [_thread_blocked, id=14448, stack(0x0000005d19800000,0x0000005d19900000)]
  0x00000201c2c340d0 JavaThread "File watcher server" daemon [_thread_in_native, id=6940, stack(0x0000005d19900000,0x0000005d19a00000)]
  0x00000201c2c30240 JavaThread "File watcher consumer" daemon [_thread_blocked, id=9712, stack(0x0000005d19a00000,0x0000005d19b00000)]
  0x00000201c2c31f20 JavaThread "jar transforms" [_thread_blocked, id=14688, stack(0x0000005d19b00000,0x0000005d19c00000)]
  0x00000201c2c31580 JavaThread "jar transforms Thread 2" [_thread_blocked, id=18868, stack(0x0000005d19c00000,0x0000005d19d00000)]
  0x00000201c2c36c20 JavaThread "jar transforms Thread 3" [_thread_blocked, id=11852, stack(0x0000005d19d00000,0x0000005d19e00000)]
  0x00000201c2c30710 JavaThread "jar transforms Thread 4" [_thread_blocked, id=6484, stack(0x0000005d19e00000,0x0000005d19f00000)]
  0x00000201c2c323f0 JavaThread "jar transforms Thread 5" [_thread_blocked, id=8144, stack(0x0000005d19f00000,0x0000005d1a000000)]
  0x00000201c2c30be0 JavaThread "jar transforms Thread 6" [_thread_blocked, id=21032, stack(0x0000005d1a000000,0x0000005d1a100000)]
  0x00000201c2c310b0 JavaThread "jar transforms Thread 7" [_thread_blocked, id=10204, stack(0x0000005d1a100000,0x0000005d1a200000)]
  0x00000201c2c328c0 JavaThread "jar transforms Thread 8" [_thread_blocked, id=13512, stack(0x0000005d1a200000,0x0000005d1a300000)]
  0x00000201c2c33c00 JavaThread "Cache worker for checksums cache (C:\Users\joaoc\AndroidStudioProjects\GradeCursos\.gradle\8.2\checksums)" [_thread_blocked, id=11920, stack(0x0000005d1a300000,0x0000005d1a400000)]
  0x00000201c2c32d90 JavaThread "Cache worker for cache directory md-rule (C:\Users\joaoc\.gradle\caches\8.2\md-rule)" [_thread_blocked, id=17084, stack(0x0000005d1a400000,0x0000005d1a500000)]
  0x00000201c2c33260 JavaThread "Cache worker for file content cache (C:\Users\joaoc\.gradle\caches\8.2\fileContent)" [_thread_blocked, id=18480, stack(0x0000005d1a500000,0x0000005d1a600000)]
  0x00000201c2c33730 JavaThread "Cache worker for file hash cache (C:\Users\joaoc\AndroidStudioProjects\GradeCursos\.gradle\8.2\fileHashes)" [_thread_blocked, id=17804, stack(0x0000005d1a600000,0x0000005d1a700000)]
  0x00000201c2c2f3d0 JavaThread "Cache worker for cache directory md-supplier (C:\Users\joaoc\.gradle\caches\8.2\md-supplier)" [_thread_blocked, id=18600, stack(0x0000005d1a700000,0x0000005d1a800000)]
  0x00000201c2c345a0 JavaThread "Cache worker for execution history cache (C:\Users\joaoc\.gradle\caches\8.2\executionHistory)" [_thread_blocked, id=7024, stack(0x0000005d1a800000,0x0000005d1a900000)]
  0x00000201c2c36280 JavaThread "Cache worker for kotlin-dsl (C:\Users\joaoc\.gradle\caches\8.2\kotlin-dsl)" [_thread_blocked, id=21584, stack(0x0000005d1ab00000,0x0000005d1ac00000)]

Other Threads:
  0x00000201c20efd00 VMThread "VM Thread" [stack: 0x0000005d17700000,0x0000005d17800000] [id=21648]
  0x00000201c25024f0 WatcherThread [stack: 0x0000005d18300000,0x0000005d18400000] [id=21856]
  0x00000201a831a600 GCTaskThread "GC Thread#0" [stack: 0x0000005d17200000,0x0000005d17300000] [id=14768]
  0x00000201c7224590 GCTaskThread "GC Thread#1" [stack: 0x0000005d18400000,0x0000005d18500000] [id=13672]
  0x00000201c7224840 GCTaskThread "GC Thread#2" [stack: 0x0000005d18500000,0x0000005d18600000] [id=17336]
  0x00000201c72a7090 GCTaskThread "GC Thread#3" [stack: 0x0000005d18600000,0x0000005d18700000] [id=8032]
  0x00000201c299fe80 GCTaskThread "GC Thread#4" [stack: 0x0000005d18800000,0x0000005d18900000] [id=11092]
  0x00000201c7f5e3d0 GCTaskThread "GC Thread#5" [stack: 0x0000005d19200000,0x0000005d19300000] [id=16832]
  0x00000201c2355d10 GCTaskThread "GC Thread#6" [stack: 0x0000005d19300000,0x0000005d19400000] [id=4744]
  0x00000201c8ab5c50 GCTaskThread "GC Thread#7" [stack: 0x0000005d19400000,0x0000005d19500000] [id=16500]
  0x00000201a832b450 ConcurrentGCThread "G1 Main Marker" [stack: 0x0000005d17300000,0x0000005d17400000] [id=21616]
  0x00000201a832bd70 ConcurrentGCThread "G1 Conc#0" [stack: 0x0000005d17400000,0x0000005d17500000] [id=19612]
  0x00000201c7f4bb90 ConcurrentGCThread "G1 Conc#1" [stack: 0x0000005d19500000,0x0000005d19600000] [id=8356]
  0x00000201c1f9fa00 ConcurrentGCThread "G1 Refine#0" [stack: 0x0000005d17500000,0x0000005d17600000] [id=7812]
  0x00000201c1fa0230 ConcurrentGCThread "G1 Service" [stack: 0x0000005d17600000,0x0000005d17700000] [id=4844]

Threads with active compile tasks:
C2 CompilerThread0    79041 5116   !   4       java.util.concurrent.ConcurrentHashMap::putVal (432 bytes)

VM state: not at safepoint (normal execution)

VM Mutex/Monitor currently owned by a thread:  ([mutex/lock_event])
[0x00000201a82bb400] Metaspace_lock - owner thread: 0x00000201c2355840

Heap address: 0x0000000080000000, size: 2048 MB, Compressed Oops mode: 32-bit

CDS archive(s) not mapped
Compressed class space mapped at: 0x0000000100000000-0x0000000140000000, reserved size: 1073741824
Narrow klass base: 0x0000000000000000, Narrow klass shift: 3, Narrow klass range: 0x140000000

GC Precious Log:
 CPUs: 8 total, 8 available
 Memory: 7987M
 Large Page Support: Disabled
 NUMA Support: Disabled
 Compressed Oops: Enabled (32-bit)
 Heap Region Size: 1M
 Heap Min Capacity: 8M
 Heap Initial Capacity: 126M
 Heap Max Capacity: 2G
 Pre-touch: Disabled
 Parallel Workers: 8
 Concurrent Workers: 2
 Concurrent Refinement Workers: 8
 Periodic GC: Disabled

Heap:
 garbage-first heap   total 143360K, used 95020K [0x0000000080000000, 0x0000000100000000)
  region size 1024K, 28 young (28672K), 1 survivors (1024K)
 Metaspace       used 61975K, committed 62592K, reserved 1114112K
  class space    used 8641K, committed 8960K, reserved 1048576K

Heap Regions: E=young(eden), S=young(survivor), O=old, HS=humongous(starts), HC=humongous(continues), CS=collection set, F=free, OA=open archive, CA=closed archive, TAMS=top-at-mark-start (previous, next)
|   0|0x0000000080000000, 0x0000000080100000, 0x0000000080100000|100%|HS|  |TAMS 0x0000000080100000, 0x0000000080000000| Complete 
|   1|0x0000000080100000, 0x0000000080200000, 0x0000000080200000|100%|HC|  |TAMS 0x0000000080200000, 0x0000000080100000| Complete 
|   2|0x0000000080200000, 0x0000000080300000, 0x0000000080300000|100%|HC|  |TAMS 0x0000000080300000, 0x0000000080200000| Complete 
|   3|0x0000000080300000, 0x0000000080400000, 0x0000000080400000|100%|HC|  |TAMS 0x0000000080400000, 0x0000000080300000| Complete 
|   4|0x0000000080400000, 0x0000000080500000, 0x0000000080500000|100%| O|  |TAMS 0x0000000080500000, 0x0000000080400000| Untracked 
|   5|0x0000000080500000, 0x0000000080600000, 0x0000000080600000|100%| O|  |TAMS 0x0000000080600000, 0x0000000080500000| Untracked 
|   6|0x0000000080600000, 0x0000000080700000, 0x0000000080700000|100%| O|  |TAMS 0x0000000080700000, 0x0000000080600000| Untracked 
|   7|0x0000000080700000, 0x0000000080800000, 0x0000000080800000|100%| O|  |TAMS 0x0000000080800000, 0x0000000080700000| Untracked 
|   8|0x0000000080800000, 0x0000000080900000, 0x0000000080900000|100%| O|  |TAMS 0x0000000080900000, 0x0000000080800000| Untracked 
|   9|0x0000000080900000, 0x0000000080a00000, 0x0000000080a00000|100%| O|  |TAMS 0x0000000080a00000, 0x0000000080900000| Untracked 
|  10|0x0000000080a00000, 0x0000000080b00000, 0x0000000080b00000|100%| O|  |TAMS 0x0000000080b00000, 0x0000000080a00000| Untracked 
|  11|0x0000000080b00000, 0x0000000080b00000, 0x0000000080c00000|  0%| F|  |TAMS 0x0000000080b00000, 0x0000000080b00000| Untracked 
|  12|0x0000000080c00000, 0x0000000080d00000, 0x0000000080d00000|100%| O|  |TAMS 0x0000000080d00000, 0x0000000080c00000| Untracked 
|  13|0x0000000080d00000, 0x0000000080e00000, 0x0000000080e00000|100%| O|  |TAMS 0x0000000080e00000, 0x0000000080d00000| Untracked 
|  14|0x0000000080e00000, 0x0000000080f00000, 0x0000000080f00000|100%| O|  |TAMS 0x0000000080f00000, 0x0000000080e00000| Untracked 
|  15|0x0000000080f00000, 0x0000000081000000, 0x0000000081000000|100%| O|  |TAMS 0x0000000081000000, 0x0000000080f00000| Untracked 
|  16|0x0000000081000000, 0x0000000081100000, 0x0000000081100000|100%| O|  |TAMS 0x0000000081100000, 0x0000000081000000| Untracked 
|  17|0x0000000081100000, 0x0000000081200000, 0x0000000081200000|100%| O|  |TAMS 0x0000000081200000, 0x0000000081100000| Untracked 
|  18|0x0000000081200000, 0x0000000081300000, 0x0000000081300000|100%| O|  |TAMS 0x0000000081300000, 0x0000000081200000| Untracked 
|  19|0x0000000081300000, 0x0000000081400000, 0x0000000081400000|100%|HS|  |TAMS 0x0000000081400000, 0x0000000081300000| Complete 
|  20|0x0000000081400000, 0x0000000081500000, 0x0000000081500000|100%|HC|  |TAMS 0x0000000081500000, 0x0000000081400000| Complete 
|  21|0x0000000081500000, 0x0000000081600000, 0x0000000081600000|100%|HS|  |TAMS 0x0000000081600000, 0x0000000081500000| Complete 
|  22|0x0000000081600000, 0x0000000081700000, 0x0000000081700000|100%|HC|  |TAMS 0x0000000081700000, 0x0000000081600000| Complete 
|  23|0x0000000081700000, 0x0000000081800000, 0x0000000081800000|100%|HC|  |TAMS 0x0000000081800000, 0x0000000081700000| Complete 
|  24|0x0000000081800000, 0x0000000081900000, 0x0000000081900000|100%|HS|  |TAMS 0x0000000081900000, 0x0000000081800000| Complete 
|  25|0x0000000081900000, 0x0000000081a00000, 0x0000000081a00000|100%|HC|  |TAMS 0x0000000081a00000, 0x0000000081900000| Complete 
|  26|0x0000000081a00000, 0x0000000081b00000, 0x0000000081b00000|100%| O|  |TAMS 0x0000000081b00000, 0x0000000081a00000| Untracked 
|  27|0x0000000081b00000, 0x0000000081c00000, 0x0000000081c00000|100%| O|  |TAMS 0x0000000081c00000, 0x0000000081b00000| Untracked 
|  28|0x0000000081c00000, 0x0000000081d00000, 0x0000000081d00000|100%|HS|  |TAMS 0x0000000081d00000, 0x0000000081c00000| Complete 
|  29|0x0000000081d00000, 0x0000000081e00000, 0x0000000081e00000|100%|HC|  |TAMS 0x0000000081e00000, 0x0000000081d00000| Complete 
|  30|0x0000000081e00000, 0x0000000081f00000, 0x0000000081f00000|100%|HC|  |TAMS 0x0000000081f00000, 0x0000000081e00000| Complete 
|  31|0x0000000081f00000, 0x0000000082000000, 0x0000000082000000|100%|HC|  |TAMS 0x0000000082000000, 0x0000000081f00000| Complete 
|  32|0x0000000082000000, 0x0000000082100000, 0x0000000082100000|100%|HC|  |TAMS 0x0000000082100000, 0x0000000082000000| Complete 
|  33|0x0000000082100000, 0x0000000082200000, 0x0000000082200000|100%|HC|  |TAMS 0x0000000082200000, 0x0000000082100000| Complete 
|  34|0x0000000082200000, 0x0000000082300000, 0x0000000082300000|100%|HC|  |TAMS 0x0000000082300000, 0x0000000082200000| Complete 
|  35|0x0000000082300000, 0x0000000082400000, 0x0000000082400000|100%|HC|  |TAMS 0x0000000082400000, 0x0000000082300000| Complete 
|  36|0x0000000082400000, 0x0000000082500000, 0x0000000082500000|100%|HC|  |TAMS 0x0000000082500000, 0x0000000082400000| Complete 
|  37|0x0000000082500000, 0x0000000082600000, 0x0000000082600000|100%|HC|  |TAMS 0x0000000082600000, 0x0000000082500000| Complete 
|  38|0x0000000082600000, 0x0000000082700000, 0x0000000082700000|100%|HC|  |TAMS 0x0000000082700000, 0x0000000082600000| Complete 
|  39|0x0000000082700000, 0x0000000082800000, 0x0000000082800000|100%|HC|  |TAMS 0x0000000082800000, 0x0000000082700000| Complete 
|  40|0x0000000082800000, 0x0000000082900000, 0x0000000082900000|100%| O|  |TAMS 0x0000000082900000, 0x0000000082800000| Untracked 
|  41|0x0000000082900000, 0x0000000082a00000, 0x0000000082a00000|100%| O|  |TAMS 0x0000000082a00000, 0x0000000082900000| Untracked 
|  42|0x0000000082a00000, 0x0000000082b00000, 0x0000000082b00000|100%| O|  |TAMS 0x0000000082b00000, 0x0000000082a00000| Untracked 
|  43|0x0000000082b00000, 0x0000000082c00000, 0x0000000082c00000|100%| O|  |TAMS 0x0000000082c00000, 0x0000000082b00000| Untracked 
|  44|0x0000000082c00000, 0x0000000082d00000, 0x0000000082d00000|100%| O|  |TAMS 0x0000000082d00000, 0x0000000082c00000| Untracked 
|  45|0x0000000082d00000, 0x0000000082e00000, 0x0000000082e00000|100%|HS|  |TAMS 0x0000000082e00000, 0x0000000082d00000| Complete 
|  46|0x0000000082e00000, 0x0000000082f00000, 0x0000000082f00000|100%|HC|  |TAMS 0x0000000082f00000, 0x0000000082e00000| Complete 
|  47|0x0000000082f00000, 0x0000000083000000, 0x0000000083000000|100%| O|  |TAMS 0x0000000083000000, 0x0000000082f00000| Untracked 
|  48|0x0000000083000000, 0x0000000083100000, 0x0000000083100000|100%| O|  |TAMS 0x0000000083100000, 0x0000000083000000| Untracked 
|  49|0x0000000083100000, 0x0000000083200000, 0x0000000083200000|100%| O|  |TAMS 0x0000000083200000, 0x0000000083100000| Untracked 
|  50|0x0000000083200000, 0x0000000083300000, 0x0000000083300000|100%| O|  |TAMS 0x0000000083300000, 0x0000000083200000| Untracked 
|  51|0x0000000083300000, 0x0000000083400000, 0x0000000083400000|100%| O|  |TAMS 0x0000000083400000, 0x0000000083300000| Untracked 
|  52|0x0000000083400000, 0x0000000083500000, 0x0000000083500000|100%| O|  |TAMS 0x0000000083500000, 0x0000000083400000| Untracked 
|  53|0x0000000083500000, 0x0000000083600000, 0x0000000083600000|100%| O|  |TAMS 0x0000000083600000, 0x0000000083500000| Untracked 
|  54|0x0000000083600000, 0x0000000083700000, 0x0000000083700000|100%| O|  |TAMS 0x0000000083700000, 0x0000000083600000| Untracked 
|  55|0x0000000083700000, 0x0000000083800000, 0x0000000083800000|100%| O|  |TAMS 0x0000000083800000, 0x0000000083700000| Untracked 
|  56|0x0000000083800000, 0x0000000083900000, 0x0000000083900000|100%| O|  |TAMS 0x0000000083900000, 0x0000000083800000| Untracked 
|  57|0x0000000083900000, 0x0000000083a00000, 0x0000000083a00000|100%|HS|  |TAMS 0x0000000083a00000, 0x0000000083900000| Complete 
|  58|0x0000000083a00000, 0x0000000083b00000, 0x0000000083b00000|100%|HC|  |TAMS 0x0000000083b00000, 0x0000000083a00000| Complete 
|  59|0x0000000083b00000, 0x0000000083c00000, 0x0000000083c00000|100%|HC|  |TAMS 0x0000000083c00000, 0x0000000083b00000| Complete 
|  60|0x0000000083c00000, 0x0000000083d00000, 0x0000000083d00000|100%| O|  |TAMS 0x0000000083d00000, 0x0000000083c00000| Untracked 
|  61|0x0000000083d00000, 0x0000000083e00000, 0x0000000083e00000|100%| O|  |TAMS 0x0000000083d00000, 0x0000000083d00000| Untracked 
|  62|0x0000000083e00000, 0x0000000083f00000, 0x0000000083f00000|100%| O|  |TAMS 0x0000000083e00000, 0x0000000083e00000| Untracked 
|  63|0x0000000083f00000, 0x0000000084000000, 0x0000000084000000|100%| O|  |TAMS 0x0000000084000000, 0x0000000083f00000| Untracked 
|  64|0x0000000084000000, 0x0000000084100000, 0x0000000084100000|100%| O|  |TAMS 0x000000008403b800, 0x0000000084000000| Untracked 
|  65|0x0000000084100000, 0x0000000084200000, 0x0000000084200000|100%| O|  |TAMS 0x0000000084100000, 0x0000000084100000| Untracked 
|  66|0x0000000084200000, 0x0000000084300000, 0x0000000084300000|100%| O|  |TAMS 0x0000000084200000, 0x0000000084200000| Untracked 
|  67|0x0000000084300000, 0x0000000084339c00, 0x0000000084400000| 22%| O|  |TAMS 0x0000000084300000, 0x0000000084300000| Untracked 
|  68|0x0000000084400000, 0x0000000084400000, 0x0000000084500000|  0%| F|  |TAMS 0x0000000084400000, 0x0000000084400000| Untracked 
|  69|0x0000000084500000, 0x0000000084500000, 0x0000000084600000|  0%| F|  |TAMS 0x0000000084500000, 0x0000000084500000| Untracked 
|  70|0x0000000084600000, 0x0000000084600000, 0x0000000084700000|  0%| F|  |TAMS 0x0000000084600000, 0x0000000084600000| Untracked 
|  71|0x0000000084700000, 0x0000000084700000, 0x0000000084800000|  0%| F|  |TAMS 0x0000000084700000, 0x0000000084700000| Untracked 
|  72|0x0000000084800000, 0x0000000084800000, 0x0000000084900000|  0%| F|  |TAMS 0x0000000084800000, 0x0000000084800000| Untracked 
|  73|0x0000000084900000, 0x0000000084900000, 0x0000000084a00000|  0%| F|  |TAMS 0x0000000084900000, 0x0000000084900000| Untracked 
|  74|0x0000000084a00000, 0x0000000084a00000, 0x0000000084b00000|  0%| F|  |TAMS 0x0000000084a00000, 0x0000000084a00000| Untracked 
|  75|0x0000000084b00000, 0x0000000084b00000, 0x0000000084c00000|  0%| F|  |TAMS 0x0000000084b00000, 0x0000000084b00000| Untracked 
|  76|0x0000000084c00000, 0x0000000084c00000, 0x0000000084d00000|  0%| F|  |TAMS 0x0000000084c00000, 0x0000000084c00000| Untracked 
|  77|0x0000000084d00000, 0x0000000084d00000, 0x0000000084e00000|  0%| F|  |TAMS 0x0000000084d00000, 0x0000000084d00000| Untracked 
|  78|0x0000000084e00000, 0x0000000084e00000, 0x0000000084f00000|  0%| F|  |TAMS 0x0000000084e00000, 0x0000000084e00000| Untracked 
|  79|0x0000000084f00000, 0x0000000084f00000, 0x0000000085000000|  0%| F|  |TAMS 0x0000000084f00000, 0x0000000084f00000| Untracked 
|  80|0x0000000085000000, 0x0000000085000000, 0x0000000085100000|  0%| F|  |TAMS 0x0000000085000000, 0x0000000085000000| Untracked 
|  81|0x0000000085100000, 0x0000000085100000, 0x0000000085200000|  0%| F|  |TAMS 0x0000000085100000, 0x0000000085100000| Untracked 
|  82|0x0000000085200000, 0x0000000085200000, 0x0000000085300000|  0%| F|  |TAMS 0x0000000085200000, 0x0000000085200000| Untracked 
|  83|0x0000000085300000, 0x0000000085300000, 0x0000000085400000|  0%| F|  |TAMS 0x0000000085300000, 0x0000000085300000| Untracked 
|  84|0x0000000085400000, 0x0000000085400000, 0x0000000085500000|  0%| F|  |TAMS 0x0000000085400000, 0x0000000085400000| Untracked 
|  85|0x0000000085500000, 0x0000000085500000, 0x0000000085600000|  0%| F|  |TAMS 0x0000000085500000, 0x0000000085500000| Untracked 
|  86|0x0000000085600000, 0x0000000085600000, 0x0000000085700000|  0%| F|  |TAMS 0x0000000085600000, 0x0000000085600000| Untracked 
|  87|0x0000000085700000, 0x0000000085700000, 0x0000000085800000|  0%| F|  |TAMS 0x0000000085700000, 0x0000000085700000| Untracked 
|  88|0x0000000085800000, 0x0000000085800000, 0x0000000085900000|  0%| F|  |TAMS 0x0000000085800000, 0x0000000085800000| Untracked 
|  89|0x0000000085900000, 0x0000000085900000, 0x0000000085a00000|  0%| F|  |TAMS 0x0000000085900000, 0x0000000085900000| Untracked 
|  90|0x0000000085a00000, 0x0000000085a00000, 0x0000000085b00000|  0%| F|  |TAMS 0x0000000085a00000, 0x0000000085a00000| Untracked 
|  91|0x0000000085b00000, 0x0000000085b00000, 0x0000000085c00000|  0%| F|  |TAMS 0x0000000085b00000, 0x0000000085b00000| Untracked 
|  92|0x0000000085c00000, 0x0000000085c00000, 0x0000000085d00000|  0%| F|  |TAMS 0x0000000085c00000, 0x0000000085c00000| Untracked 
|  93|0x0000000085d00000, 0x0000000085d00000, 0x0000000085e00000|  0%| F|  |TAMS 0x0000000085d00000, 0x0000000085d00000| Untracked 
|  94|0x0000000085e00000, 0x0000000085e00000, 0x0000000085f00000|  0%| F|  |TAMS 0x0000000085e00000, 0x0000000085e00000| Untracked 
|  95|0x0000000085f00000, 0x0000000085f00000, 0x0000000086000000|  0%| F|  |TAMS 0x0000000085f00000, 0x0000000085f00000| Untracked 
|  96|0x0000000086000000, 0x0000000086000000, 0x0000000086100000|  0%| F|  |TAMS 0x0000000086000000, 0x0000000086000000| Untracked 
|  97|0x0000000086100000, 0x0000000086100000, 0x0000000086200000|  0%| F|  |TAMS 0x0000000086100000, 0x0000000086100000| Untracked 
|  98|0x0000000086200000, 0x0000000086200000, 0x0000000086300000|  0%| F|  |TAMS 0x0000000086200000, 0x0000000086200000| Untracked 
|  99|0x0000000086300000, 0x0000000086300000, 0x0000000086400000|  0%| F|  |TAMS 0x0000000086300000, 0x0000000086300000| Untracked 
| 100|0x0000000086400000, 0x0000000086400000, 0x0000000086500000|  0%| F|  |TAMS 0x0000000086400000, 0x0000000086400000| Untracked 
| 101|0x0000000086500000, 0x0000000086500000, 0x0000000086600000|  0%| F|  |TAMS 0x0000000086500000, 0x0000000086500000| Untracked 
| 102|0x0000000086600000, 0x0000000086600000, 0x0000000086700000|  0%| F|  |TAMS 0x0000000086600000, 0x0000000086600000| Untracked 
| 103|0x0000000086700000, 0x0000000086700000, 0x0000000086800000|  0%| F|  |TAMS 0x0000000086700000, 0x0000000086700000| Untracked 
| 104|0x0000000086800000, 0x0000000086800000, 0x0000000086900000|  0%| F|  |TAMS 0x0000000086800000, 0x0000000086800000| Untracked 
| 105|0x0000000086900000, 0x0000000086900000, 0x0000000086a00000|  0%| F|  |TAMS 0x0000000086900000, 0x0000000086900000| Untracked 
| 106|0x0000000086a00000, 0x0000000086a00000, 0x0000000086b00000|  0%| F|  |TAMS 0x0000000086a00000, 0x0000000086a00000| Untracked 
| 107|0x0000000086b00000, 0x0000000086b00000, 0x0000000086c00000|  0%| F|  |TAMS 0x0000000086b00000, 0x0000000086b00000| Untracked 
| 108|0x0000000086c00000, 0x0000000086c00000, 0x0000000086d00000|  0%| F|  |TAMS 0x0000000086c00000, 0x0000000086c00000| Untracked 
| 109|0x0000000086d00000, 0x0000000086d00000, 0x0000000086e00000|  0%| F|  |TAMS 0x0000000086d00000, 0x0000000086d00000| Untracked 
| 110|0x0000000086e00000, 0x0000000086e00000, 0x0000000086f00000|  0%| F|  |TAMS 0x0000000086e00000, 0x0000000086e00000| Untracked 
| 111|0x0000000086f00000, 0x0000000086f00000, 0x0000000087000000|  0%| F|  |TAMS 0x0000000086f00000, 0x0000000086f00000| Untracked 
| 112|0x0000000087000000, 0x00000000870043f0, 0x0000000087100000|  1%| E|  |TAMS 0x0000000087000000, 0x0000000087000000| Complete 
| 113|0x0000000087100000, 0x0000000087200000, 0x0000000087200000|100%| E|CS|TAMS 0x0000000087100000, 0x0000000087100000| Complete 
| 114|0x0000000087200000, 0x0000000087300000, 0x0000000087300000|100%| E|CS|TAMS 0x0000000087200000, 0x0000000087200000| Complete 
| 115|0x0000000087300000, 0x0000000087400000, 0x0000000087400000|100%| E|CS|TAMS 0x0000000087300000, 0x0000000087300000| Complete 
| 116|0x0000000087400000, 0x0000000087500000, 0x0000000087500000|100%| E|CS|TAMS 0x0000000087400000, 0x0000000087400000| Complete 
| 117|0x0000000087500000, 0x0000000087600000, 0x0000000087600000|100%| E|CS|TAMS 0x0000000087500000, 0x0000000087500000| Complete 
| 118|0x0000000087600000, 0x0000000087700000, 0x0000000087700000|100%| E|CS|TAMS 0x0000000087600000, 0x0000000087600000| Complete 
| 119|0x0000000087700000, 0x0000000087800000, 0x0000000087800000|100%| E|CS|TAMS 0x0000000087700000, 0x0000000087700000| Complete 
| 120|0x0000000087800000, 0x0000000087900000, 0x0000000087900000|100%| E|CS|TAMS 0x0000000087800000, 0x0000000087800000| Complete 
| 121|0x0000000087900000, 0x0000000087a00000, 0x0000000087a00000|100%| E|CS|TAMS 0x0000000087900000, 0x0000000087900000| Complete 
| 122|0x0000000087a00000, 0x0000000087b00000, 0x0000000087b00000|100%| E|CS|TAMS 0x0000000087a00000, 0x0000000087a00000| Complete 
| 123|0x0000000087b00000, 0x0000000087c00000, 0x0000000087c00000|100%| E|CS|TAMS 0x0000000087b00000, 0x0000000087b00000| Complete 
| 124|0x0000000087c00000, 0x0000000087d00000, 0x0000000087d00000|100%| E|CS|TAMS 0x0000000087c00000, 0x0000000087c00000| Complete 
| 125|0x0000000087d00000, 0x0000000087e00000, 0x0000000087e00000|100%| E|CS|TAMS 0x0000000087d00000, 0x0000000087d00000| Complete 
| 126|0x0000000087e00000, 0x0000000087f00000, 0x0000000087f00000|100%| E|CS|TAMS 0x0000000087e00000, 0x0000000087e00000| Complete 
| 127|0x0000000087f00000, 0x0000000088000000, 0x0000000088000000|100%| E|CS|TAMS 0x0000000087f00000, 0x0000000087f00000| Complete 
| 128|0x0000000088000000, 0x0000000088100000, 0x0000000088100000|100%| E|CS|TAMS 0x0000000088000000, 0x0000000088000000| Complete 
| 129|0x0000000088100000, 0x0000000088200000, 0x0000000088200000|100%| E|CS|TAMS 0x0000000088100000, 0x0000000088100000| Complete 
| 130|0x0000000088200000, 0x0000000088300000, 0x0000000088300000|100%| E|CS|TAMS 0x0000000088200000, 0x0000000088200000| Complete 
| 131|0x0000000088300000, 0x0000000088400000, 0x0000000088400000|100%| E|CS|TAMS 0x0000000088300000, 0x0000000088300000| Complete 
| 132|0x0000000088400000, 0x0000000088500000, 0x0000000088500000|100%| E|CS|TAMS 0x0000000088400000, 0x0000000088400000| Complete 
| 133|0x0000000088500000, 0x0000000088600000, 0x0000000088600000|100%| E|CS|TAMS 0x0000000088500000, 0x0000000088500000| Complete 
| 134|0x0000000088600000, 0x0000000088700000, 0x0000000088700000|100%| E|CS|TAMS 0x0000000088600000, 0x0000000088600000| Complete 
| 135|0x0000000088700000, 0x0000000088791538, 0x0000000088800000| 56%| S|CS|TAMS 0x0000000088700000, 0x0000000088700000| Complete 
| 136|0x0000000088800000, 0x0000000088900000, 0x0000000088900000|100%| E|CS|TAMS 0x0000000088800000, 0x0000000088800000| Complete 
| 137|0x0000000088900000, 0x0000000088a00000, 0x0000000088a00000|100%| E|CS|TAMS 0x0000000088900000, 0x0000000088900000| Complete 
| 138|0x0000000088a00000, 0x0000000088b00000, 0x0000000088b00000|100%| E|CS|TAMS 0x0000000088a00000, 0x0000000088a00000| Complete 
| 139|0x0000000088b00000, 0x0000000088c00000, 0x0000000088c00000|100%| E|CS|TAMS 0x0000000088b00000, 0x0000000088b00000| Complete 

Card table byte_map: [0x00000201baec0000,0x00000201bb2c0000] _byte_map_base: 0x00000201baac0000

Marking Bits (Prev, Next): (CMBitMap*) 0x00000201a831ab60, (CMBitMap*) 0x00000201a831ab20
 Prev Bits: [0x00000201bd6c0000, 0x00000201bf6c0000)
 Next Bits: [0x00000201bb6c0000, 0x00000201bd6c0000)

Polling page: 0x00000201a61e0000

Metaspace:

Usage:
  Non-class:     52.08 MB used.
      Class:      8.44 MB used.
       Both:     60.52 MB used.

Virtual space:
  Non-class space:       64.00 MB reserved,      52.38 MB ( 82%) committed,  1 nodes.
      Class space:        1.00 GB reserved,       8.75 MB ( <1%) committed,  1 nodes.
             Both:        1.06 GB reserved,      61.12 MB (  6%) committed. 

Chunk freelists:
   Non-Class:  11.05 MB
       Class:  7.23 MB
        Both:  18.28 MB

MaxMetaspaceSize: unlimited
CompressedClassSpaceSize: 1.00 GB
Initial GC threshold: 21.00 MB
Current GC threshold: 90.31 MB
CDS: off
MetaspaceReclaimPolicy: balanced
 - commit_granule_bytes: 65536.
 - commit_granule_words: 8192.
 - virtual_space_node_default_size: 8388608.
 - enlarge_chunks_in_place: 1.
 - new_chunks_are_fully_committed: 0.
 - uncommit_free_chunks: 1.
 - use_allocation_guard: 0.
 - handle_deallocations: 1.


Internal statistics:

num_allocs_failed_limit: 3.
num_arena_births: 690.
num_arena_deaths: 0.
num_vsnodes_births: 2.
num_vsnodes_deaths: 0.
num_space_committed: 978.
num_space_uncommitted: 0.
num_chunks_returned_to_freelist: 3.
num_chunks_taken_from_freelist: 2687.
num_chunk_merges: 3.
num_chunk_splits: 1858.
num_chunks_enlarged: 1347.
num_inconsistent_stats: 0.

CodeHeap 'non-profiled nmethods': size=120000Kb used=2239Kb max_used=3012Kb free=117760Kb
 bounds [0x00000201b3260000, 0x00000201b3560000, 0x00000201ba790000]
CodeHeap 'profiled nmethods': size=120000Kb used=8583Kb max_used=10120Kb free=111416Kb
 bounds [0x00000201ab790000, 0x00000201ac180000, 0x00000201b2cc0000]
CodeHeap 'non-nmethods': size=5760Kb used=2350Kb max_used=2374Kb free=3409Kb
 bounds [0x00000201b2cc0000, 0x00000201b2f30000, 0x00000201b3260000]
 total_blobs=5222 nmethods=4361 adapters=772
 compilation: enabled
              stopped_count=0, restarted_count=0
 full_count=0

Compilation events (20 events):
Event: 74.047 Thread 0x00000201c22d7b70 nmethod 5105 0x00000201abba5090 code [0x00000201abba5260, 0x00000201abba5598]
Event: 74.048 Thread 0x00000201c22d7b70 5106   !   3       org.jetbrains.kotlin.com.intellij.util.containers.ConcurrentIntObjectHashMap::tabAt (33 bytes)
Event: 74.048 Thread 0x00000201c22d7b70 nmethod 5106 0x00000201ab8dd810 code [0x00000201ab8dda40, 0x00000201ab8de888]
Event: 74.048 Thread 0x00000201c22d7b70 5107       3       java.lang.invoke.LambdaForm$MH/0x0000000100703400::invokeExact_MT (25 bytes)
Event: 74.049 Thread 0x00000201c22d7b70 nmethod 5107 0x00000201abbb7f90 code [0x00000201abbb81a0, 0x00000201abbb88f8]
Event: 75.231 Thread 0x00000201c22d7b70 5108       3       java.util.Optional::get (22 bytes)
Event: 75.231 Thread 0x00000201c22d7b70 nmethod 5108 0x00000201abbb2810 code [0x00000201abbb29c0, 0x00000201abbb2be8]
Event: 75.486 Thread 0x00000201c22d7b70 5109       3       java.util.regex.Pattern::compile (10 bytes)
Event: 75.486 Thread 0x00000201c22d7b70 nmethod 5109 0x00000201abbca910 code [0x00000201abbcaac0, 0x00000201abbcac48]
Event: 75.854 Thread 0x00000201c22d2c50 5110       4       jdk.internal.org.objectweb.asm.ClassReader::<init> (371 bytes)
Event: 75.873 Thread 0x00000201c22d2c50 nmethod 5110 0x00000201b327e010 code [0x00000201b327e1c0, 0x00000201b327ecc8]
Event: 76.001 Thread 0x00000201c22d7b70 5111       3       java.lang.invoke.BoundMethodHandle::bindSingle (7 bytes)
Event: 76.001 Thread 0x00000201c22d7b70 nmethod 5111 0x00000201abd10b10 code [0x00000201abd10ca0, 0x00000201abd10da8]
Event: 76.002 Thread 0x00000201c22d7b70 5112       3       sun.misc.Unsafe::compareAndSwapLong (13 bytes)
Event: 76.002 Thread 0x00000201c22d7b70 nmethod 5112 0x00000201abe18b10 code [0x00000201abe18ca0, 0x00000201abe18dd8]
Event: 76.134 Thread 0x00000201c22d7b70 5113       1       org.jetbrains.kotlin.com.intellij.openapi.util.Key::hashCode (5 bytes)
Event: 76.134 Thread 0x00000201c22d7b70 nmethod 5113 0x00000201b3276490 code [0x00000201b3276620, 0x00000201b32766f8]
Event: 76.138 Thread 0x00000201c22d2c50 5114       4       java.util.concurrent.ConcurrentLinkedQueue::poll (84 bytes)
Event: 76.150 Thread 0x00000201c22d2c50 nmethod 5114 0x00000201b32c7810 code [0x00000201b32c79a0, 0x00000201b32c7ec8]
Event: 77.280 Thread 0x00000201c22d2c50 5116   !   4       java.util.concurrent.ConcurrentHashMap::putVal (432 bytes)

GC Heap History (20 events):
Event: 35.103 GC heap before
{Heap before GC invocations=13 (full 0):
 garbage-first heap   total 87040K, used 67482K [0x0000000080000000, 0x0000000100000000)
  region size 1024K, 20 young (20480K), 2 survivors (2048K)
 Metaspace       used 37847K, committed 38208K, reserved 1114112K
  class space    used 5250K, committed 5376K, reserved 1048576K
}
Event: 35.108 GC heap after
{Heap after GC invocations=14 (full 0):
 garbage-first heap   total 87040K, used 51391K [0x0000000080000000, 0x0000000100000000)
  region size 1024K, 3 young (3072K), 3 survivors (3072K)
 Metaspace       used 37847K, committed 38208K, reserved 1114112K
  class space    used 5250K, committed 5376K, reserved 1048576K
}
Event: 37.666 GC heap before
{Heap before GC invocations=15 (full 0):
 garbage-first heap   total 91136K, used 67775K [0x0000000080000000, 0x0000000100000000)
  region size 1024K, 20 young (20480K), 3 survivors (3072K)
 Metaspace       used 42240K, committed 42560K, reserved 1114112K
  class space    used 5687K, committed 5824K, reserved 1048576K
}
Event: 37.671 GC heap after
{Heap after GC invocations=16 (full 0):
 garbage-first heap   total 118784K, used 53692K [0x0000000080000000, 0x0000000100000000)
  region size 1024K, 3 young (3072K), 3 survivors (3072K)
 Metaspace       used 42240K, committed 42560K, reserved 1114112K
  class space    used 5687K, committed 5824K, reserved 1048576K
}
Event: 38.087 GC heap before
{Heap before GC invocations=16 (full 0):
 garbage-first heap   total 118784K, used 79292K [0x0000000080000000, 0x0000000100000000)
  region size 1024K, 26 young (26624K), 3 survivors (3072K)
 Metaspace       used 42965K, committed 43328K, reserved 1114112K
  class space    used 5749K, committed 5952K, reserved 1048576K
}
Event: 38.092 GC heap after
{Heap after GC invocations=17 (full 0):
 garbage-first heap   total 118784K, used 57788K [0x0000000080000000, 0x0000000100000000)
  region size 1024K, 5 young (5120K), 5 survivors (5120K)
 Metaspace       used 42965K, committed 43328K, reserved 1114112K
  class space    used 5749K, committed 5952K, reserved 1048576K
}
Event: 41.498 GC heap before
{Heap before GC invocations=17 (full 0):
 garbage-first heap   total 118784K, used 96700K [0x0000000080000000, 0x0000000100000000)
  region size 1024K, 41 young (41984K), 5 survivors (5120K)
 Metaspace       used 47843K, committed 48256K, reserved 1114112K
  class space    used 6367K, committed 6528K, reserved 1048576K
}
Event: 41.503 GC heap after
{Heap after GC invocations=18 (full 0):
 garbage-first heap   total 118784K, used 58809K [0x0000000080000000, 0x0000000100000000)
  region size 1024K, 6 young (6144K), 6 survivors (6144K)
 Metaspace       used 47843K, committed 48256K, reserved 1114112K
  class space    used 6367K, committed 6528K, reserved 1048576K
}
Event: 42.262 GC heap before
{Heap before GC invocations=18 (full 0):
 garbage-first heap   total 118784K, used 65977K [0x0000000080000000, 0x0000000100000000)
  region size 1024K, 14 young (14336K), 6 survivors (6144K)
 Metaspace       used 48098K, committed 48512K, reserved 1114112K
  class space    used 6404K, committed 6592K, reserved 1048576K
}
Event: 42.269 GC heap after
{Heap after GC invocations=19 (full 0):
 garbage-first heap   total 118784K, used 60063K [0x0000000080000000, 0x0000000100000000)
  region size 1024K, 5 young (5120K), 5 survivors (5120K)
 Metaspace       used 48098K, committed 48512K, reserved 1114112K
  class space    used 6404K, committed 6592K, reserved 1048576K
}
Event: 43.667 GC heap before
{Heap before GC invocations=20 (full 0):
 garbage-first heap   total 118784K, used 67231K [0x0000000080000000, 0x0000000100000000)
  region size 1024K, 10 young (10240K), 5 survivors (5120K)
 Metaspace       used 48420K, committed 48832K, reserved 1114112K
  class space    used 6429K, committed 6592K, reserved 1048576K
}
Event: 43.671 GC heap after
{Heap after GC invocations=21 (full 0):
 garbage-first heap   total 118784K, used 64640K [0x0000000080000000, 0x0000000100000000)
  region size 1024K, 3 young (3072K), 3 survivors (3072K)
 Metaspace       used 48420K, committed 48832K, reserved 1114112K
  class space    used 6429K, committed 6592K, reserved 1048576K
}
Event: 53.245 GC heap before
{Heap before GC invocations=22 (full 0):
 garbage-first heap   total 118784K, used 92288K [0x0000000080000000, 0x0000000100000000)
  region size 1024K, 29 young (29696K), 3 survivors (3072K)
 Metaspace       used 50926K, committed 51456K, reserved 1114112K
  class space    used 6689K, committed 6912K, reserved 1048576K
}
Event: 53.249 GC heap after
{Heap after GC invocations=23 (full 0):
 garbage-first heap   total 118784K, used 65805K [0x0000000080000000, 0x0000000100000000)
  region size 1024K, 3 young (3072K), 3 survivors (3072K)
 Metaspace       used 50926K, committed 51456K, reserved 1114112K
  class space    used 6689K, committed 6912K, reserved 1048576K
}
Event: 63.227 GC heap before
{Heap before GC invocations=23 (full 0):
 garbage-first heap   total 118784K, used 92429K [0x0000000080000000, 0x0000000100000000)
  region size 1024K, 29 young (29696K), 3 survivors (3072K)
 Metaspace       used 54899K, committed 55488K, reserved 1114112K
  class space    used 7703K, committed 7936K, reserved 1048576K
}
Event: 63.230 GC heap after
{Heap after GC invocations=24 (full 0):
 garbage-first heap   total 118784K, used 66923K [0x0000000080000000, 0x0000000100000000)
  region size 1024K, 3 young (3072K), 3 survivors (3072K)
 Metaspace       used 54899K, committed 55488K, reserved 1114112K
  class space    used 7703K, committed 7936K, reserved 1048576K
}
Event: 70.688 GC heap before
{Heap before GC invocations=25 (full 0):
 garbage-first heap   total 118784K, used 94571K [0x0000000080000000, 0x0000000100000000)
  region size 1024K, 30 young (30720K), 3 survivors (3072K)
 Metaspace       used 58098K, committed 58688K, reserved 1114112K
  class space    used 8136K, committed 8384K, reserved 1048576K
}
Event: 70.691 GC heap after
{Heap after GC invocations=26 (full 0):
 garbage-first heap   total 143360K, used 68194K [0x0000000080000000, 0x0000000100000000)
  region size 1024K, 3 young (3072K), 3 survivors (3072K)
 Metaspace       used 58098K, committed 58688K, reserved 1114112K
  class space    used 8136K, committed 8384K, reserved 1048576K
}
Event: 70.807 GC heap before
{Heap before GC invocations=26 (full 0):
 garbage-first heap   total 143360K, used 71266K [0x0000000080000000, 0x0000000100000000)
  region size 1024K, 7 young (7168K), 3 survivors (3072K)
 Metaspace       used 58498K, committed 59072K, reserved 1114112K
  class space    used 8191K, committed 8448K, reserved 1048576K
}
Event: 70.809 GC heap after
{Heap after GC invocations=27 (full 0):
 garbage-first heap   total 143360K, used 68396K [0x0000000080000000, 0x0000000100000000)
  region size 1024K, 1 young (1024K), 1 survivors (1024K)
 Metaspace       used 58498K, committed 59072K, reserved 1114112K
  class space    used 8191K, committed 8448K, reserved 1048576K
}

Dll operation events (3 events):
Event: 0.107 Loaded shared library C:\Program Files\Android\Android Studio\jbr\bin\java.dll
Event: 1.627 Loaded shared library C:\Program Files\Android\Android Studio\jbr\bin\zip.dll
Event: 2.485 Loaded shared library C:\Program Files\Android\Android Studio\jbr\bin\verify.dll

Deoptimization events (20 events):
Event: 70.686 Thread 0x00000201c2355840 Uncommon trap: trap_request=0xffffff45 fr.pc=0x00000201b331b810 relative=0x00000000000003b0
Event: 70.686 Thread 0x00000201c2355840 Uncommon trap: reason=unstable_if action=reinterpret pc=0x00000201b331b810 method=kotlin.reflect.jvm.internal.impl.protobuf.CodedInputStream.isAtEnd()Z @ 16 c2
Event: 70.686 Thread 0x00000201c2355840 DEOPT PACKING pc=0x00000201b331b810 sp=0x0000005d18ef2450
Event: 70.686 Thread 0x00000201c2355840 DEOPT UNPACKING pc=0x00000201b2d1a1a3 sp=0x0000005d18ef23d0 mode 2
Event: 70.698 Thread 0x00000201c2355840 Uncommon trap: trap_request=0xffffff45 fr.pc=0x00000201b3512914 relative=0x00000000000001f4
Event: 70.698 Thread 0x00000201c2355840 Uncommon trap: reason=unstable_if action=reinterpret pc=0x00000201b3512914 method=kotlin.reflect.jvm.internal.impl.protobuf.CodedInputStream.readRawVarint32()I @ 69 c2
Event: 70.698 Thread 0x00000201c2355840 DEOPT PACKING pc=0x00000201b3512914 sp=0x0000005d18ef1f50
Event: 70.698 Thread 0x00000201c2355840 DEOPT UNPACKING pc=0x00000201b2d1a1a3 sp=0x0000005d18ef1ed8 mode 2
Event: 70.699 Thread 0x00000201c2355840 Uncommon trap: trap_request=0xffffff45 fr.pc=0x00000201b32bfa94 relative=0x00000000000001f4
Event: 70.699 Thread 0x00000201c2355840 Uncommon trap: reason=unstable_if action=reinterpret pc=0x00000201b32bfa94 method=kotlin.reflect.jvm.internal.impl.protobuf.CodedInputStream.readRawVarint32()I @ 69 c2
Event: 70.699 Thread 0x00000201c2355840 DEOPT PACKING pc=0x00000201b32bfa94 sp=0x0000005d18ef1ee0
Event: 70.699 Thread 0x00000201c2355840 DEOPT UNPACKING pc=0x00000201b2d1a1a3 sp=0x0000005d18ef1e10 mode 2
Event: 71.182 Thread 0x00000201c2355840 Uncommon trap: trap_request=0xffffffc6 fr.pc=0x00000201b3340444 relative=0x00000000000005e4
Event: 71.182 Thread 0x00000201c2355840 Uncommon trap: reason=bimorphic_or_optimized_type_check action=maybe_recompile pc=0x00000201b3340444 method=kotlin.reflect.jvm.internal.impl.protobuf.CodedInputStream.tryRefillBuffer(I)Z @ 175 c2
Event: 71.183 Thread 0x00000201c2355840 DEOPT PACKING pc=0x00000201b3340444 sp=0x0000005d18ef5470
Event: 71.183 Thread 0x00000201c2355840 DEOPT UNPACKING pc=0x00000201b2d1a1a3 sp=0x0000005d18ef5358 mode 2
Event: 71.183 Thread 0x00000201c2355840 Uncommon trap: trap_request=0xffffffc6 fr.pc=0x00000201b3340444 relative=0x00000000000005e4
Event: 71.183 Thread 0x00000201c2355840 Uncommon trap: reason=bimorphic_or_optimized_type_check action=maybe_recompile pc=0x00000201b3340444 method=kotlin.reflect.jvm.internal.impl.protobuf.CodedInputStream.tryRefillBuffer(I)Z @ 175 c2
Event: 71.183 Thread 0x00000201c2355840 DEOPT PACKING pc=0x00000201b3340444 sp=0x0000005d18ef5470
Event: 71.183 Thread 0x00000201c2355840 DEOPT UNPACKING pc=0x00000201b2d1a1a3 sp=0x0000005d18ef5358 mode 2

Classes unloaded (0 events):
No events

Classes redefined (0 events):
No events

Internal exceptions (20 events):
Event: 52.563 Thread 0x00000201c2355840 Exception <a 'java/lang/NoSuchMethodError'{0x0000000085fc7168}: 'java.lang.Object java.lang.invoke.DirectMethodHandle$Holder.invokeStatic(java.lang.Object, java.lang.Object, java.lang.Object, java.lang.Object, java.lang.Object, java.lang.Object, java.lang.Object, java.lang.Object, java.lang.Object, java.lang.Object, java.lang.Object, java.lang.Object, java.lang.Object, java.lang.Object, java.lang.Object, java.lang.Object, java.lang.Object, java.lang.Object, java.lang.Object, java.lang.Object)'> (0x00000000
Event: 52.565 Thread 0x00000201c2355840 Exception <a 'java/lang/NoSuchMethodError'{0x0000000085ff3478}: 'java.lang.Object java.lang.invoke.DirectMethodHandle$Holder.invokeStatic(java.lang.Object, java.lang.Object, java.lang.Object, java.lang.Object, java.lang.Object, java.lang.Object, java.lang.Object, java.lang.Object, java.lang.Object, java.lang.Object, java.lang.Object, java.lang.Object, java.lang.Object, java.lang.Object, java.lang.Object, java.lang.Object, java.lang.Object, java.lang.Object, java.lang.Object, java.lang.Object, java.lang.Obj
Event: 52.567 Thread 0x00000201c2355840 Exception <a 'java/lang/NoSuchMethodError'{0x0000000085e20940}: 'java.lang.Object java.lang.invoke.DirectMethodHandle$Holder.invokeStatic(java.lang.Object, java.lang.Object, java.lang.Object, java.lang.Object, java.lang.Object, java.lang.Object, java.lang.Object, java.lang.Object, java.lang.Object, java.lang.Object, java.lang.Object, java.lang.Object, java.lang.Object, java.lang.Object, java.lang.Object, java.lang.Object, java.lang.Object, java.lang.Object, java.lang.Object, java.lang.Object, java.lang.Obj
Event: 52.569 Thread 0x00000201c2355840 Exception <a 'java/lang/NoSuchMethodError'{0x0000000085e4e858}: 'java.lang.Object java.lang.invoke.DirectMethodHandle$Holder.invokeStatic(java.lang.Object, java.lang.Object, java.lang.Object, java.lang.Object, java.lang.Object, java.lang.Object, java.lang.Object, java.lang.Object, java.lang.Object, java.lang.Object, java.lang.Object, java.lang.Object, java.lang.Object, java.lang.Object, java.lang.Object, java.lang.Object, java.lang.Object, java.lang.Object, java.lang.Object, java.lang.Object, java.lang.Obj
Event: 52.571 Thread 0x00000201c2355840 Exception <a 'java/lang/NoSuchMethodError'{0x0000000085e7e628}: 'java.lang.Object java.lang.invoke.DirectMethodHandle$Holder.invokeStatic(java.lang.Object, java.lang.Object, java.lang.Object, java.lang.Object, java.lang.Object, java.lang.Object, java.lang.Object, java.lang.Object, java.lang.Object, java.lang.Object, java.lang.Object, java.lang.Object, java.lang.Object, java.lang.Object, java.lang.Object, java.lang.Object, java.lang.Object, java.lang.Object, java.lang.Object, java.lang.Object, java.lang.Obj
Event: 52.574 Thread 0x00000201c2355840 Exception <a 'java/lang/NoSuchMethodError'{0x0000000085eafc50}: 'java.lang.Object java.lang.invoke.DirectMethodHandle$Holder.invokeStatic(java.lang.Object, java.lang.Object, java.lang.Object, java.lang.Object, java.lang.Object, java.lang.Object, java.lang.Object, java.lang.Object, java.lang.Object, java.lang.Object, java.lang.Object, java.lang.Object, java.lang.Object, java.lang.Object, java.lang.Object, java.lang.Object, java.lang.Object, java.lang.Object, java.lang.Object, java.lang.Object, java.lang.Obj
Event: 54.326 Thread 0x00000201c2355840 Exception <a 'java/lang/IncompatibleClassChangeError'{0x0000000086fd7690}: Found class java.lang.Object, but interface was expected> (0x0000000086fd7690) 
thrown [s\src\hotspot\share\interpreter\linkResolver.cpp, line 838]
Event: 55.461 Thread 0x00000201c2355840 Exception <a 'java/lang/IncompatibleClassChangeError'{0x0000000086dde708}: Found class java.lang.Object, but interface was expected> (0x0000000086dde708) 
thrown [s\src\hotspot\share\interpreter\linkResolver.cpp, line 838]
Event: 55.467 Thread 0x00000201c2355840 Exception <a 'java/lang/NoSuchMethodError'{0x0000000086c58a28}: 'void java.lang.invoke.DirectMethodHandle$Holder.invokeStatic(java.lang.Object, java.lang.Object, java.lang.Object, java.lang.Object, java.lang.Object, java.lang.Object)'> (0x0000000086c58a28) 
thrown [s\src\hotspot\share\interpreter\linkResolver.cpp, line 771]
Event: 56.398 Thread 0x00000201c2355840 Exception <a 'java/lang/NoSuchMethodError'{0x0000000086921858}: 'java.lang.Object java.lang.invoke.DirectMethodHandle$Holder.invokeStaticInit(java.lang.Object, int)'> (0x0000000086921858) 
thrown [s\src\hotspot\share\interpreter\linkResolver.cpp, line 771]
Event: 56.802 Thread 0x00000201c2355840 Exception <a 'java/lang/NoSuchMethodError'{0x0000000086879980}: 'int java.lang.invoke.DelegatingMethodHandle$Holder.reinvoke_L(java.lang.Object, java.lang.Object, java.lang.Object, long, int, int)'> (0x0000000086879980) 
thrown [s\src\hotspot\share\interpreter\linkResolver.cpp, line 771]
Event: 56.805 Thread 0x00000201c2355840 Exception <a 'java/lang/NoSuchMethodError'{0x0000000086889cd8}: 'int java.lang.invoke.DelegatingMethodHandle$Holder.reinvoke_L(java.lang.Object, java.lang.Object, java.lang.Object, long, long, long)'> (0x0000000086889cd8) 
thrown [s\src\hotspot\share\interpreter\linkResolver.cpp, line 771]
Event: 56.808 Thread 0x00000201c2355840 Exception <a 'java/lang/NoSuchMethodError'{0x0000000086899e18}: 'int java.lang.invoke.DelegatingMethodHandle$Holder.reinvoke_L(java.lang.Object, java.lang.Object, java.lang.Object, long, java.lang.Object, java.lang.Object)'> (0x0000000086899e18) 
thrown [s\src\hotspot\share\interpreter\linkResolver.cpp, line 771]
Event: 56.810 Thread 0x00000201c2355840 Exception <a 'java/lang/NoSuchMethodError'{0x00000000868a9b38}: 'void java.lang.invoke.DelegatingMethodHandle$Holder.reinvoke_L(java.lang.Object, java.lang.Object, java.lang.Object, long, java.lang.Object)'> (0x00000000868a9b38) 
thrown [s\src\hotspot\share\interpreter\linkResolver.cpp, line 771]
Event: 56.811 Thread 0x00000201c2355840 Exception <a 'java/lang/NoSuchMethodError'{0x00000000868b21c0}: 'java.lang.Object java.lang.invoke.DirectMethodHandle$Holder.invokeSpecial(java.lang.Object, java.lang.Object, java.lang.Object, java.lang.Object, long)'> (0x00000000868b21c0) 
thrown [s\src\hotspot\share\interpreter\linkResolver.cpp, line 771]
Event: 56.882 Thread 0x00000201c2355840 Exception <a 'java/lang/NoSuchMethodError'{0x00000000868da848}: 'long java.lang.invoke.Invokers$Holder.invoke_MT(java.lang.Object, java.lang.Object, java.lang.Object, java.lang.Object)'> (0x00000000868da848) 
thrown [s\src\hotspot\share\interpreter\linkResolver.cpp, line 771]
Event: 56.882 Thread 0x00000201c2355840 Exception <a 'java/lang/NoSuchMethodError'{0x00000000868e3948}: 'int java.lang.invoke.Invokers$Holder.invoke_MT(java.lang.Object, java.lang.Object, java.lang.Object, java.lang.Object)'> (0x00000000868e3948) 
thrown [s\src\hotspot\share\interpreter\linkResolver.cpp, line 771]
Event: 56.885 Thread 0x00000201c2355840 Exception <a 'java/lang/NoSuchMethodError'{0x00000000868f4990}: 'int java.lang.invoke.DelegatingMethodHandle$Holder.reinvoke_L(java.lang.Object, java.lang.Object, java.lang.Object, long, int)'> (0x00000000868f4990) 
thrown [s\src\hotspot\share\interpreter\linkResolver.cpp, line 771]
Event: 56.889 Thread 0x00000201c2355840 Exception <a 'java/lang/NoSuchMethodError'{0x0000000086709250}: 'java.lang.Object java.lang.invoke.Invokers$Holder.invokeExact_MT(java.lang.Object, java.lang.Object, long, java.lang.Object)'> (0x0000000086709250) 
thrown [s\src\hotspot\share\interpreter\linkResolver.cpp, line 771]
Event: 61.255 Thread 0x00000201c2355840 Implicit null exception at 0x00000201b353fa93 to 0x00000201b353fbe8

VM Operations (20 events):
Event: 63.258 Executing VM operation: G1Concurrent
Event: 63.259 Executing VM operation: G1Concurrent done
Event: 64.259 Executing VM operation: Cleanup
Event: 64.260 Executing VM operation: Cleanup done
Event: 65.262 Executing VM operation: Cleanup
Event: 65.263 Executing VM operation: Cleanup done
Event: 67.281 Executing VM operation: Cleanup
Event: 67.281 Executing VM operation: Cleanup done
Event: 69.296 Executing VM operation: Cleanup
Event: 69.297 Executing VM operation: Cleanup done
Event: 70.688 Executing VM operation: G1CollectForAllocation
Event: 70.691 Executing VM operation: G1CollectForAllocation done
Event: 70.807 Executing VM operation: G1CollectForAllocation
Event: 70.809 Executing VM operation: G1CollectForAllocation done
Event: 71.821 Executing VM operation: Cleanup
Event: 71.821 Executing VM operation: Cleanup done
Event: 72.834 Executing VM operation: Cleanup
Event: 72.834 Executing VM operation: Cleanup done
Event: 75.839 Executing VM operation: Cleanup
Event: 75.840 Executing VM operation: Cleanup done

Events (20 events):
Event: 64.363 loading class java/util/concurrent/atomic/AtomicReferenceFieldUpdater done
Event: 64.363 loading class java/util/concurrent/atomic/AtomicReferenceFieldUpdater$AtomicReferenceFieldUpdaterImpl
Event: 64.364 loading class java/util/concurrent/atomic/AtomicReferenceFieldUpdater$AtomicReferenceFieldUpdaterImpl done
Event: 64.364 loading class java/util/concurrent/atomic/AtomicReferenceFieldUpdater$AtomicReferenceFieldUpdaterImpl$1
Event: 64.365 loading class java/util/concurrent/atomic/AtomicReferenceFieldUpdater$AtomicReferenceFieldUpdaterImpl$1 done
Event: 71.179 loading class java/util/ArrayList$SubList$1
Event: 71.179 loading class java/util/ArrayList$SubList$1 done
Event: 71.586 loading class java/util/Stack
Event: 71.586 loading class java/util/Stack done
Event: 72.601 Thread 0x00000201c7bd22a0 Thread exited: 0x00000201c7bd22a0
Event: 73.935 loading class java/lang/ThreadLocal$SuppliedThreadLocal
Event: 73.935 loading class java/lang/ThreadLocal$SuppliedThreadLocal done
Event: 75.423 loading class java/util/regex/Pattern$LookBehindEndNode
Event: 75.423 loading class java/util/regex/Pattern$LookBehindEndNode done
Event: 75.423 loading class java/util/regex/Pattern$Behind
Event: 75.424 loading class java/util/regex/Pattern$Behind done
Event: 75.425 loading class javax/swing/text/html/HTMLEditorKit$ParserCallback
Event: 75.442 loading class javax/swing/text/html/HTMLEditorKit$ParserCallback done
Event: 76.343 loading class java/lang/AbstractMethodError
Event: 76.343 loading class java/lang/AbstractMethodError done


Dynamic libraries:
0x00007ff611d60000 - 0x00007ff611d6a000 	C:\Program Files\Android\Android Studio\jbr\bin\java.exe
0x00007ffb56050000 - 0x00007ffb56267000 	C:\WINDOWS\SYSTEM32\ntdll.dll
0x00007ffb544e0000 - 0x00007ffb545a4000 	C:\WINDOWS\System32\KERNEL32.DLL
0x00007ffb535f0000 - 0x00007ffb53997000 	C:\WINDOWS\System32\KERNELBASE.dll
0x00007ffb53c60000 - 0x00007ffb53d71000 	C:\WINDOWS\System32\ucrtbase.dll
0x00007ffb3e100000 - 0x00007ffb3e117000 	C:\Program Files\Android\Android Studio\jbr\bin\jli.dll
0x00007ffb428b0000 - 0x00007ffb428cb000 	C:\Program Files\Android\Android Studio\jbr\bin\VCRUNTIME140.dll
0x00007ffb55b80000 - 0x00007ffb55d2e000 	C:\WINDOWS\System32\USER32.dll
0x00007ffb535c0000 - 0x00007ffb535e6000 	C:\WINDOWS\System32\win32u.dll
0x00007ffb413a0000 - 0x00007ffb41633000 	C:\WINDOWS\WinSxS\amd64_microsoft.windows.common-controls_6595b64144ccf1df_6.0.22621.3527_none_270e469b73872a76\COMCTL32.dll
0x00007ffb54370000 - 0x00007ffb54399000 	C:\WINDOWS\System32\GDI32.dll
0x00007ffb540a0000 - 0x00007ffb54147000 	C:\WINDOWS\System32\msvcrt.dll
0x00007ffb534a0000 - 0x00007ffb535b9000 	C:\WINDOWS\System32\gdi32full.dll
0x00007ffb53b10000 - 0x00007ffb53baa000 	C:\WINDOWS\System32\msvcp_win.dll
0x00007ffb53dd0000 - 0x00007ffb53e01000 	C:\WINDOWS\System32\IMM32.DLL
0x00007ffb4b330000 - 0x00007ffb4b33c000 	C:\Program Files\Android\Android Studio\jbr\bin\vcruntime140_1.dll
0x00007ffb37660000 - 0x00007ffb376ed000 	C:\Program Files\Android\Android Studio\jbr\bin\msvcp140.dll
0x00007ffadc090000 - 0x00007ffadcd10000 	C:\Program Files\Android\Android Studio\jbr\bin\server\jvm.dll
0x00007ffb543c0000 - 0x00007ffb54472000 	C:\WINDOWS\System32\ADVAPI32.dll
0x00007ffb54d60000 - 0x00007ffb54e08000 	C:\WINDOWS\System32\sechost.dll
0x00007ffb53c30000 - 0x00007ffb53c58000 	C:\WINDOWS\System32\bcrypt.dll
0x00007ffb54640000 - 0x00007ffb54755000 	C:\WINDOWS\System32\RPCRT4.dll
0x00007ffb4df30000 - 0x00007ffb4df39000 	C:\WINDOWS\SYSTEM32\WSOCK32.dll
0x00007ffb4bfc0000 - 0x00007ffb4bfca000 	C:\WINDOWS\SYSTEM32\VERSION.dll
0x00007ffb4a950000 - 0x00007ffb4a984000 	C:\WINDOWS\SYSTEM32\WINMM.dll
0x00007ffb55e90000 - 0x00007ffb55f01000 	C:\WINDOWS\System32\WS2_32.dll
0x00007ffb52350000 - 0x00007ffb52368000 	C:\WINDOWS\SYSTEM32\kernel.appcore.dll
0x00007ffb48cb0000 - 0x00007ffb48cba000 	C:\Program Files\Android\Android Studio\jbr\bin\jimage.dll
0x00007ffb50df0000 - 0x00007ffb51022000 	C:\WINDOWS\SYSTEM32\DBGHELP.DLL
0x00007ffb54760000 - 0x00007ffb54ae8000 	C:\WINDOWS\System32\combase.dll
0x00007ffb55f10000 - 0x00007ffb55fe7000 	C:\WINDOWS\System32\OLEAUT32.dll
0x00007ffb49990000 - 0x00007ffb499c2000 	C:\WINDOWS\SYSTEM32\dbgcore.DLL
0x00007ffb53bb0000 - 0x00007ffb53c29000 	C:\WINDOWS\System32\bcryptPrimitives.dll
0x00007ffb45610000 - 0x00007ffb4561e000 	C:\Program Files\Android\Android Studio\jbr\bin\instrument.dll
0x00007ffb3f5f0000 - 0x00007ffb3f615000 	C:\Program Files\Android\Android Studio\jbr\bin\java.dll
0x00007ffb411c0000 - 0x00007ffb411d8000 	C:\Program Files\Android\Android Studio\jbr\bin\zip.dll
0x00007ffb55310000 - 0x00007ffb55b6c000 	C:\WINDOWS\System32\SHELL32.dll
0x00007ffb51170000 - 0x00007ffb51a66000 	C:\WINDOWS\SYSTEM32\windows.storage.dll
0x00007ffb51030000 - 0x00007ffb5116e000 	C:\WINDOWS\SYSTEM32\wintypes.dll
0x00007ffb53e90000 - 0x00007ffb53f85000 	C:\WINDOWS\System32\SHCORE.dll
0x00007ffb54300000 - 0x00007ffb5435e000 	C:\WINDOWS\System32\shlwapi.dll
0x00007ffb532a0000 - 0x00007ffb532c1000 	C:\WINDOWS\SYSTEM32\profapi.dll
0x00007ffb40c50000 - 0x00007ffb40c69000 	C:\Program Files\Android\Android Studio\jbr\bin\net.dll
0x00007ffb4b680000 - 0x00007ffb4b7b6000 	C:\WINDOWS\SYSTEM32\WINHTTP.dll
0x00007ffb527b0000 - 0x00007ffb52819000 	C:\WINDOWS\system32\mswsock.dll
0x00007ffb3f4b0000 - 0x00007ffb3f4c6000 	C:\Program Files\Android\Android Studio\jbr\bin\nio.dll
0x00007ffb469d0000 - 0x00007ffb469e0000 	C:\Program Files\Android\Android Studio\jbr\bin\verify.dll
0x00007ffb3b660000 - 0x00007ffb3b687000 	C:\Users\joaoc\.gradle\native\68d5fa5c4cc2d200863cafc0d521ce42e7d3e7ee720ec0a83991735586a16f82\windows-amd64\native-platform.dll
0x00007ffb2e1a0000 - 0x00007ffb2e2e4000 	C:\Users\joaoc\.gradle\native\e376f236ea51e6404a007f0833ffe2c6e607c4080706a723a18a27aeea778392\windows-amd64\native-platform-file-events.dll
0x00007ffb46910000 - 0x00007ffb46919000 	C:\Program Files\Android\Android Studio\jbr\bin\management.dll
0x00007ffb458e0000 - 0x00007ffb458eb000 	C:\Program Files\Android\Android Studio\jbr\bin\management_ext.dll
0x00007ffb55b70000 - 0x00007ffb55b78000 	C:\WINDOWS\System32\PSAPI.DLL
0x00007ffb52b40000 - 0x00007ffb52b5b000 	C:\WINDOWS\SYSTEM32\CRYPTSP.dll
0x00007ffb522b0000 - 0x00007ffb522e5000 	C:\WINDOWS\system32\rsaenh.dll
0x00007ffb52850000 - 0x00007ffb52878000 	C:\WINDOWS\SYSTEM32\USERENV.dll
0x00007ffb529b0000 - 0x00007ffb529bc000 	C:\WINDOWS\SYSTEM32\CRYPTBASE.dll
0x00007ffb51e00000 - 0x00007ffb51e2d000 	C:\WINDOWS\SYSTEM32\IPHLPAPI.DLL
0x00007ffb54360000 - 0x00007ffb54369000 	C:\WINDOWS\System32\NSI.dll
0x00007ffb4b440000 - 0x00007ffb4b459000 	C:\WINDOWS\SYSTEM32\dhcpcsvc6.DLL
0x00007ffb4b390000 - 0x00007ffb4b3af000 	C:\WINDOWS\SYSTEM32\dhcpcsvc.DLL
0x00007ffb51e80000 - 0x00007ffb51f78000 	C:\WINDOWS\SYSTEM32\DNSAPI.dll
0x00007ffb47090000 - 0x00007ffb47098000 	C:\WINDOWS\system32\wshunix.dll

dbghelp: loaded successfully - version: 4.0.5 - missing functions: none
symbol engine: initialized successfully - sym options: 0x614 - pdb path: .;C:\Program Files\Android\Android Studio\jbr\bin;C:\WINDOWS\SYSTEM32;C:\WINDOWS\WinSxS\amd64_microsoft.windows.common-controls_6595b64144ccf1df_6.0.22621.3527_none_270e469b73872a76;C:\Program Files\Android\Android Studio\jbr\bin\server;C:\Users\joaoc\.gradle\native\68d5fa5c4cc2d200863cafc0d521ce42e7d3e7ee720ec0a83991735586a16f82\windows-amd64;C:\Users\joaoc\.gradle\native\e376f236ea51e6404a007f0833ffe2c6e607c4080706a723a18a27aeea778392\windows-amd64

VM Arguments:
jvm_args: --add-opens=java.base/java.util=ALL-UNNAMED --add-opens=java.base/java.lang=ALL-UNNAMED --add-opens=java.base/java.lang.invoke=ALL-UNNAMED --add-opens=java.prefs/java.util.prefs=ALL-UNNAMED --add-opens=java.base/java.nio.charset=ALL-UNNAMED --add-opens=java.base/java.net=ALL-UNNAMED --add-opens=java.base/java.util.concurrent.atomic=ALL-UNNAMED -Xmx2048m -Dfile.encoding=UTF-8 -Duser.country=BR -Duser.language=pt -Duser.variant -javaagent:C:\Users\joaoc\.gradle\wrapper\dists\gradle-8.2-bin\bbg7u40eoinfdyxsxr3z4i7ta\gradle-8.2\lib\agents\gradle-instrumentation-agent-8.2.jar 
java_command: org.gradle.launcher.daemon.bootstrap.GradleDaemon 8.2
java_class_path (initial): C:\Users\joaoc\.gradle\wrapper\dists\gradle-8.2-bin\bbg7u40eoinfdyxsxr3z4i7ta\gradle-8.2\lib\gradle-launcher-8.2.jar
Launcher Type: SUN_STANDARD

[Global flags]
     intx CICompilerCount                          = 4                                         {product} {ergonomic}
     uint ConcGCThreads                            = 2                                         {product} {ergonomic}
     uint G1ConcRefinementThreads                  = 8                                         {product} {ergonomic}
   size_t G1HeapRegionSize                         = 1048576                                   {product} {ergonomic}
    uintx GCDrainStackTargetSize                   = 64                                        {product} {ergonomic}
   size_t InitialHeapSize                          = 132120576                                 {product} {ergonomic}
   size_t MarkStackSize                            = 4194304                                   {product} {ergonomic}
   size_t MaxHeapSize                              = 2147483648                                {product} {command line}
   size_t MaxNewSize                               = 1287651328                                {product} {ergonomic}
   size_t MinHeapDeltaBytes                        = 1048576                                   {product} {ergonomic}
   size_t MinHeapSize                              = 8388608                                   {product} {ergonomic}
    uintx NonNMethodCodeHeapSize                   = 5839372                                {pd product} {ergonomic}
    uintx NonProfiledCodeHeapSize                  = 122909434                              {pd product} {ergonomic}
    uintx ProfiledCodeHeapSize                     = 122909434                              {pd product} {ergonomic}
    uintx ReservedCodeCacheSize                    = 251658240                              {pd product} {ergonomic}
     bool SegmentedCodeCache                       = true                                      {product} {ergonomic}
   size_t SoftMaxHeapSize                          = 2147483648                             {manageable} {ergonomic}
     bool UseCompressedClassPointers               = true                           {product lp64_product} {ergonomic}
     bool UseCompressedOops                        = true                           {product lp64_product} {ergonomic}
     bool UseG1GC                                  = true                                      {product} {ergonomic}
     bool UseLargePagesIndividualAllocation        = false                                  {pd product} {ergonomic}

Logging:
Log output configuration:
 #0: stdout all=warning uptime,level,tags
 #1: stderr all=off uptime,level,tags

Environment Variables:
PATH=C:\Program Files\Common Files\Oracle\Java\javapath;C:\Program Files (x86)\Common Files\Oracle\Java\javapath;C:\ProgramData\Oracle\Java\javapath;C:\WINDOWS\system32;C:\WINDOWS;C:\WINDOWS\System32\Wbem;C:\WINDOWS\System32\WindowsPowerShell\v1.0\;C:\WINDOWS\System32\OpenSSH\;C:\Program Files\Git\cmd;C:\Users\joaoc\AppData\Local\Microsoft\WindowsApps;;C:\Users\joaoc\AppData\Local\Programs\Microsoft VS Code\bin
USERNAME=joaoc
OS=Windows_NT
PROCESSOR_IDENTIFIER=Intel64 Family 6 Model 126 Stepping 5, GenuineIntel
TMP=C:\Users\joaoc\AppData\Local\Temp
TEMP=C:\Users\joaoc\AppData\Local\Temp


JNI global refs:
JNI global refs: 25, weak refs: 0

JNI global refs memory usage: 843, weak refs: 841

OOME stack traces (most recent first):
Classloader memory used:
